<?xml version="1.0" encoding="UTF-8"?>
<testsuite name="com.linkedlist.MyNodeTest" tests="1" skipped="0" failures="0" errors="0" timestamp="2021-06-06T08:14:00" hostname="LAPTOP-F926MLOJ" time="0.069">
  <properties/>
  <testcase name="given3NumbersWhenLinkedShouldPasedlinkedList()" classname="com.linkedlist.MyNodeTest" time="0.069"/>
  <system-out><![CDATA[]]></system-out>
  <system-err><![CDATA[]]></system-err>
</testsuite>
